<?xml version="1.0" encoding="UTF-8"?>
<!-- Generated by org.testng.reporters.JUnitReportReporter -->
<testsuite hostname="DESKTOP-7ST29U4" failures="0" tests="2" name="WebtablePractice.Dataprovider" time="0.013" errors="0" timestamp="2022-07-06T17:11:16 IST" skipped="0">
  <testcase classname="WebtablePractice.Dataprovider" name="verifydata" time="0.010"/>
  <system-out/>
  <testcase classname="WebtablePractice.Dataprovider" name="verifydata" time="0.003"/>
  <system-out/>
</testsuite> <!-- WebtablePractice.Dataprovider -->
