<?xml version="1.0" encoding="UTF-8"?>
<!-- Generated by org.testng.reporters.JUnitReportReporter -->
<testsuite hostname="DESKTOP-7ST29U4" failures="0" tests="1" name="WebtablePractice.TestNG" time="0.011" errors="0" timestamp="2022-07-06T16:58:34 IST" skipped="0">
  <testcase classname="WebtablePractice.TestNG" name="a_method" time="0.011"/>
  <system-out/>
</testsuite> <!-- WebtablePractice.TestNG -->
