<?xml version="1.0" encoding="UTF-8"?>
<!-- Generated by org.testng.reporters.JUnitReportReporter -->
<testsuite hostname="DESKTOP-7ST29U4" failures="0" tests="1" name="WebtablePractice.SampleWebtable" time="6.900" errors="0" timestamp="2022-07-04T17:05:50 IST" skipped="0">
  <testcase classname="WebtablePractice.SampleWebtable" name="webtable" time="6.900"/>
  <system-out/>
</testsuite> <!-- WebtablePractice.SampleWebtable -->
